==52061== Memcheck, a memory error detector
==52061== Copyright (C) 2002-2017, and GNU GPL'd, by Julian Seward et al.
==52061== Using Valgrind-3.15.0 and LibVEX; rerun with -h for copyright info
==52061== Command: ./comanda
==52061== Parent PID: 52056
==52061== 
==52061== 
==52061== HEAP SUMMARY:
==52061==     in use at exit: 200,828 bytes in 215 blocks
==52061==   total heap usage: 4,451 allocs, 4,236 frees, 380,285 bytes allocated
==52061== 
==52061== LEAK SUMMARY:
==52061==    definitely lost: 0 bytes in 0 blocks
==52061==    indirectly lost: 0 bytes in 0 blocks
==52061==      possibly lost: 272 bytes in 1 blocks
==52061==    still reachable: 200,556 bytes in 214 blocks
==52061==         suppressed: 0 bytes in 0 blocks
==52061== Reachable blocks (those to which a pointer was found) are not shown.
==52061== To see them, rerun with: --leak-check=full --show-leak-kinds=all
==52061== 
==52061== For lists of detected and suppressed errors, rerun with: -s
==52061== ERROR SUMMARY: 1 errors from 1 contexts (suppressed: 0 from 0)
